<?xml version="1.0" encoding="UTF-8"?>
<testsuite xmlns:xsi="http://www.w3.org/2001/XMLSchema-instance" xsi:noNamespaceSchemaLocation="https://maven.apache.org/surefire/maven-surefire-plugin/xsd/surefire-test-report-3.0.xsd" version="3.0" name="com.productofarray.SolutionTest" time="0.519" tests="12" errors="0" skipped="0" failures="0">
  <properties>
    <property name="java.specification.version" value="22"/>
    <property name="sun.jnu.encoding" value="UTF-8"/>
    <property name="java.class.path" value="/Users/PiyushP/Downloads/INFO6255/Assignment 1/target/test-classes:/Users/PiyushP/Downloads/INFO6255/Assignment 1/target/classes:/Users/PiyushP/.m2/repository/org/junit/jupiter/junit-jupiter-api/5.7.0/junit-jupiter-api-5.7.0.jar:/Users/PiyushP/.m2/repository/org/apiguardian/apiguardian-api/1.1.0/apiguardian-api-1.1.0.jar:/Users/PiyushP/.m2/repository/org/opentest4j/opentest4j/1.2.0/opentest4j-1.2.0.jar:/Users/PiyushP/.m2/repository/org/junit/platform/junit-platform-commons/1.7.0/junit-platform-commons-1.7.0.jar:/Users/PiyushP/.m2/repository/org/junit/jupiter/junit-jupiter-engine/5.7.0/junit-jupiter-engine-5.7.0.jar:/Users/PiyushP/.m2/repository/org/junit/platform/junit-platform-engine/1.7.0/junit-platform-engine-1.7.0.jar:/Users/PiyushP/.m2/repository/org/junit/jupiter/junit-jupiter-params/5.7.0/junit-jupiter-params-5.7.0.jar:"/>
    <property name="java.vm.vendor" value="Oracle Corporation"/>
    <property name="sun.arch.data.model" value="64"/>
    <property name="java.vendor.url" value="https://java.oracle.com/"/>
    <property name="os.name" value="Mac OS X"/>
    <property name="java.vm.specification.version" value="22"/>
    <property name="sun.java.launcher" value="SUN_STANDARD"/>
    <property name="user.country" value="US"/>
    <property name="sun.boot.library.path" value="/Library/Java/JavaVirtualMachines/jdk-22.jdk/Contents/Home/lib"/>
    <property name="sun.java.command" value="/Users/PiyushP/Downloads/INFO6255/Assignment 1/target/surefire/surefirebooter164664423979990136.jar /Users/PiyushP/Downloads/INFO6255/Assignment 1/target/surefire 2024-10-17T18-00-32_629-jvmRun1 surefire7559541013462194393tmp surefire_03092160644099345475tmp"/>
    <property name="http.nonProxyHosts" value="local|*.local|169.254/16|*.169.254/16"/>
    <property name="jdk.debug" value="release"/>
    <property name="surefire.test.class.path" value="/Users/PiyushP/Downloads/INFO6255/Assignment 1/target/test-classes:/Users/PiyushP/Downloads/INFO6255/Assignment 1/target/classes:/Users/PiyushP/.m2/repository/org/junit/jupiter/junit-jupiter-api/5.7.0/junit-jupiter-api-5.7.0.jar:/Users/PiyushP/.m2/repository/org/apiguardian/apiguardian-api/1.1.0/apiguardian-api-1.1.0.jar:/Users/PiyushP/.m2/repository/org/opentest4j/opentest4j/1.2.0/opentest4j-1.2.0.jar:/Users/PiyushP/.m2/repository/org/junit/platform/junit-platform-commons/1.7.0/junit-platform-commons-1.7.0.jar:/Users/PiyushP/.m2/repository/org/junit/jupiter/junit-jupiter-engine/5.7.0/junit-jupiter-engine-5.7.0.jar:/Users/PiyushP/.m2/repository/org/junit/platform/junit-platform-engine/1.7.0/junit-platform-engine-1.7.0.jar:/Users/PiyushP/.m2/repository/org/junit/jupiter/junit-jupiter-params/5.7.0/junit-jupiter-params-5.7.0.jar:"/>
    <property name="sun.cpu.endian" value="little"/>
    <property name="user.home" value="/Users/PiyushP"/>
    <property name="user.language" value="en"/>
    <property name="java.specification.vendor" value="Oracle Corporation"/>
    <property name="java.version.date" value="2024-07-16"/>
    <property name="java.home" value="/Library/Java/JavaVirtualMachines/jdk-22.jdk/Contents/Home"/>
    <property name="file.separator" value="/"/>
    <property name="basedir" value="/Users/PiyushP/Downloads/INFO6255/Assignment 1"/>
    <property name="java.vm.compressedOopsMode" value="Zero based"/>
    <property name="line.separator" value="&#10;"/>
    <property name="java.vm.specification.vendor" value="Oracle Corporation"/>
    <property name="java.specification.name" value="Java Platform API Specification"/>
    <property name="apple.awt.application.name" value="ForkedBooter"/>
    <property name="surefire.real.class.path" value="/Users/PiyushP/Downloads/INFO6255/Assignment 1/target/surefire/surefirebooter164664423979990136.jar"/>
    <property name="sun.management.compiler" value="HotSpot 64-Bit Tiered Compilers"/>
    <property name="ftp.nonProxyHosts" value="local|*.local|169.254/16|*.169.254/16"/>
    <property name="java.runtime.version" value="22.0.2+9-70"/>
    <property name="user.name" value="PiyushP"/>
    <property name="stdout.encoding" value="UTF-8"/>
    <property name="path.separator" value=":"/>
    <property name="os.version" value="14.3.1"/>
    <property name="java.runtime.name" value="Java(TM) SE Runtime Environment"/>
    <property name="file.encoding" value="UTF-8"/>
    <property name="java.vm.name" value="Java HotSpot(TM) 64-Bit Server VM"/>
    <property name="localRepository" value="/Users/PiyushP/.m2/repository"/>
    <property name="java.vendor.url.bug" value="https://bugreport.java.com/bugreport/"/>
    <property name="java.io.tmpdir" value="/var/folders/fp/g5vlsgz91hv_l8v1wk2m4gqw0000gn/T/"/>
    <property name="java.version" value="22.0.2"/>
    <property name="user.dir" value="/Users/PiyushP/Downloads/INFO6255/Assignment 1"/>
    <property name="os.arch" value="aarch64"/>
    <property name="java.vm.specification.name" value="Java Virtual Machine Specification"/>
    <property name="native.encoding" value="UTF-8"/>
    <property name="java.library.path" value="/Users/PiyushP/Library/Java/Extensions:/Library/Java/Extensions:/Network/Library/Java/Extensions:/System/Library/Java/Extensions:/usr/lib/java:."/>
    <property name="java.vm.info" value="mixed mode, sharing"/>
    <property name="stderr.encoding" value="UTF-8"/>
    <property name="java.vendor" value="Oracle Corporation"/>
    <property name="java.vm.version" value="22.0.2+9-70"/>
    <property name="sun.io.unicode.encoding" value="UnicodeBig"/>
    <property name="socksNonProxyHosts" value="local|*.local|169.254/16|*.169.254/16"/>
    <property name="java.class.version" value="66.0"/>
  </properties>
  <testcase name="testAllNegativeNumbers" classname="com.productofarray.SolutionTest" time="0.094">
    <system-out><![CDATA[Given array with all negative numbers: [-1, -2, -3, -4]
When productExceptSelf is called
Then the result should be: [-24, -12, -8, -6]
Actual result: [-24, -12, -8, -6]
]]></system-out>
  </testcase>
  <testcase name="testBasicInput" classname="com.productofarray.SolutionTest" time="0.024">
    <system-out><![CDATA[Given input array: [1, 2, 3, 4]
When productExceptSelf is called
Then the result should be: [24, 12, 8, 6]
Actual result: [24, 12, 8, 6]
]]></system-out>
  </testcase>
  <testcase name="testEmptyArray" classname="com.productofarray.SolutionTest" time="0.009">
    <system-out><![CDATA[Given empty array
When productExceptSelf is called
Then IllegalArgumentException should be thrown
Exception message: Input array cannot be empty
]]></system-out>
  </testcase>
  <testcase name="testWithZero" classname="com.productofarray.SolutionTest" time="0.014">
    <system-out><![CDATA[Given input array with zero: [1, 0, 3, 4]
When productExceptSelf is called
Then the result should be: [0, 12, 0, 0]
Actual result: [0, 12, 0, 0]
]]></system-out>
  </testcase>
  <testcase name="testWithMultipleZeros" classname="com.productofarray.SolutionTest" time="0.006">
    <system-out><![CDATA[Given input array with multiple zeros: [0, 0, 3, 4]
When productExceptSelf is called
Then the result should be: [0, 0, 0, 0]
Actual result: [0, 0, 0, 0]
]]></system-out>
  </testcase>
  <testcase name="testPerformanceWithLargeArray" classname="com.productofarray.SolutionTest" time="0.104">
    <system-out><![CDATA[Given large array of size: 1000000
When productExceptSelf is called
Then execution time should be less than 1000 ms
Actual execution time: 79 ms
]]></system-out>
  </testcase>
  <testcase name="testWithIntegerMaxValue" classname="com.productofarray.SolutionTest" time="0.002">
    <system-out><![CDATA[Given array with Integer.MAX_VALUE: [2147483647, 2]
When productExceptSelf is called
Then the result should be: [2, 2147483647]
Actual result: [2, 2147483647]
]]></system-out>
  </testcase>
  <testcase name="parameterizedTest(int[], int[])[1]" classname="com.productofarray.SolutionTest" time="0.072">
    <system-out><![CDATA[Given input array: [1, 2, 3, 4]
When productExceptSelf is called
Then the result should be: [24, 12, 8, 6]
Actual result: [24, 12, 8, 6]
]]></system-out>
  </testcase>
  <testcase name="parameterizedTest(int[], int[])[2]" classname="com.productofarray.SolutionTest" time="0.003">
    <system-out><![CDATA[Given input array: [-1, 1, 0, -3, 3]
When productExceptSelf is called
Then the result should be: [0, 0, 9, 0, 0]
Actual result: [0, 0, 9, 0, 0]
]]></system-out>
  </testcase>
  <testcase name="parameterizedTest(int[], int[])[3]" classname="com.productofarray.SolutionTest" time="0.002">
    <system-out><![CDATA[Given input array: [1, 1, 1, 1]
When productExceptSelf is called
Then the result should be: [1, 1, 1, 1]
Actual result: [1, 1, 1, 1]
]]></system-out>
  </testcase>
  <testcase name="testSingleElementArray" classname="com.productofarray.SolutionTest" time="0.014">
    <system-out><![CDATA[Given single element array: [5]
When productExceptSelf is called
Then the result should be: [1]
Actual result: [1]
]]></system-out>
  </testcase>
  <testcase name="testNullInput" classname="com.productofarray.SolutionTest" time="0.003">
    <system-out><![CDATA[Given null input
When productExceptSelf is called
Then IllegalArgumentException should be thrown
Exception message: Input array cannot be null
]]></system-out>
  </testcase>
</testsuite>